<?xml version="1.0" encoding="UTF-8"?>
<testng-results skipped="0" failed="0" total="1" passed="1">
  <reporter-output>
  </reporter-output>
  <suite name="Default suite" duration-ms="28444" started-at="2020-07-04T18:52:16Z" finished-at="2020-07-04T18:52:44Z">
    <groups>
    </groups>
    <test name="Default test" duration-ms="28444" started-at="2020-07-04T18:52:16Z" finished-at="2020-07-04T18:52:44Z">
      <class name="test.Basics">
        <test-method status="PASS" signature="demoTests()[pri:0, instance:test.Basics@4f638935]" name="demoTests" duration-ms="28422" started-at="2020-07-05T00:22:16Z" finished-at="2020-07-05T00:22:44Z">
          <reporter-output>
          </reporter-output>
        </test-method> <!-- demoTests -->
      </class> <!-- test.Basics -->
    </test> <!-- Default test -->
  </suite> <!-- Default suite -->
</testng-results>
